#
# There is insufficient memory for the Java Runtime Environment to continue.
# Native memory allocation (mmap) failed to map 134217728 bytes for G1 virtual space
# Possible reasons:
#   The system is out of physical RAM or swap space
#   The process is running with CompressedOops enabled, and the Java Heap may be blocking the growth of the native heap
# Possible solutions:
#   Reduce memory load on the system
#   Increase physical memory or swap space
#   Check if swap backing store is full
#   Decrease Java heap size (-Xmx/-Xms)
#   Decrease number of Java threads
#   Decrease Java thread stack sizes (-Xss)
#   Set larger code cache with -XX:ReservedCodeCacheSize=
#   JVM is running with Unscaled Compressed Oops mode in which the Java heap is
#     placed in the first 4GB address space. The Java Heap base address is the
#     maximum limit for the native heap growth. Please use -XX:HeapBaseMinAddress
#     to set the Java Heap base and to place the Java Heap above 4GB virtual address.
# This output file may be truncated or incomplete.
#
#  Out of Memory Error (os_windows.cpp:3552), pid=16176, tid=9568
#
# JRE version:  (17.0.9+11) (build )
# Java VM: Java HotSpot(TM) 64-Bit Server VM (17.0.9+11-LTS-201, mixed mode, sharing, tiered, compressed oops, compressed class ptrs, g1 gc, windows-amd64)
# No core dump will be written. Minidumps are not enabled by default on client versions of Windows
#

---------------  S U M M A R Y ------------

Command Line: -ea -XX:+ShowCodeDetailsInExceptionMessages -Dfile.encoding=UTF-8 org.eclipse.jdt.internal.junit.runner.RemoteTestRunner -version 3 -port 42420 -testLoaderClass org.eclipse.jdt.internal.junit5.runner.JUnit5TestLoader -loaderpluginname org.eclipse.jdt.junit5.runtime -testNameFile C:\Users\SERGE\AppData\Local\Temp\testNames9823427823116801875.txt

Host: Intel(R) Core(TM) i5-4300M CPU @ 2.60GHz, 4 cores, 7G,  Windows 10 , 64 bit Build 19041 (10.0.19041.5438)
Time: Sat Jun 14 20:18:30 2025 Paris, Madrid (heure duild 19041 (10.0.19041.5438) elapsed time: 0.737320 seconds (0d 0h 0m 0s)

---------------  T H R E A D  ---------------

Current thread (0x00000272d5ee9d60):  JavaThread "Unknown thread" [_thread_in_vm, id=9568, stack(0x00000089eed00000,0x00000089eee00000)]

Stack: [0x00000089eed00000,0x00000089eee00000]
Native frames: (J=compiled Java code, j=interpreted, Vv=VM code, C=native code)
V  [jvm.dll+0x678a4a]
V  [jvm.dll+0x7d9cfd]
V  [jvm.dll+0x7db60e]
V  [jvm.dll+0x7dbc73]
V  [jvm.dll+0x245e1f]
V  [jvm.dll+0x6758f9]
V  [jvm.dll+0x66a2a2]
V  [jvm.dll+0x303686]
V  [jvm.dll+0x30ac06]
V  [jvm.dll+0x35a48e]
V  [jvm.dll+0x35a6bf]
V  [jvm.dll+0x2da678]
V  [jvm.dll+0x2db5e4]
V  [jvm.dll+0x7ab6b1]
V  [jvm.dll+0x368041]
V  [jvm.dll+0x78a749]
V  [jvm.dll+0x3ebd4f]
V  [jvm.dll+0x3ed7d1]
C  [jli.dll+0x5297]
C  [ucrtbase.dll+0x21bb2]
C  [KERNEL32.DLL+0x17374]
C  [ntdll.dll+0x4cc91]


---------------  P R O C E S S  ---------------

Threads class SMR info:
_java_thread_list=0x00007ffefd3b89d8, length=0, elements={
}

Java Threads: ( => current thread )

Other Threads:
  0x00000272d5f42af0 GCTaskThread "GC Thread#0" [stack: 0x00000089eee00000,0x00000089eef00000] [id=236]
  0x00000272d5f53ee0 ConcurrentGCThread "G1 Main Marker" [stack: 0x00000089eef00000,0x00000089ef000000] [id=8092]
  0x00000272d5f548f0 ConcurrentGCThread "G1 Conc#0" [stack: 0x00000089ef000000,0x00000089ef100000] [id=9972]

[error occurred during error reporting (printing all threads), id 0xc0000005, EXCEPTION_ACCESS_VIOLATION (0xc0000005) at pc=0x00007ffefcbeb2d7]

VM state: not at safepoint (not fully initialized)

VM Mutex/Monitor currently owned by a thread:  ([mutex/lock_event])
[0x00000272d5ee30d0] Heap_lock - owner thread: 0x00000272d5ee9d60

Heap address: 0x0000000081800000, size: 2024 MB, Compressed Oops mode: 32-bit

CDS archive(s) mapped at: [0x0000000000000000-0x0000000000000000-0x0000000000000000), size 0, SharedBaseAddress: 0x0000000800000000, ArchiveRelocationMode: 1.
Narrow klass base: 0x0000000000000000, Narrow klass shift: 0, Narrow klass range: 0x0

GC Precious Log:
<Empty>

Heap:
 garbage-first heap   total 0K, used 0K [0x0000000081800000, 0x0000000100000000)
  region size 1024K, 0 young (0K), 0 survivors (0K)

[error occurred during error reporting (printing heap information), id 0xc0000005, EXCEPTION_ACCESS_VIOLATION (0xc0000005) at pc=0x00007ffefcfd2229]

GC Heap History (0 events):
No events

Deoptimization events (0 events):
No events

Classes unloaded (0 events):
No events

Classes redefined (0 events):
No events

Internal exceptions (0 events):
No events

VM Operations (0 events):
No events

Events (1 events):
Event: 0.315 Loaded shared library C:\Program Files\Java\jdk-17\bin\java.dll


Dynamic libraries:
0x00007ff616430000 - 0x00007ff616440000 	C:\Program Files\Java\jdk-17\bin\java.exe
0x00007fff34d30000 - 0x00007fff34f28000 	C:\Windows\SYSTEM32\ntdll.dll
0x00007fff33ec0000 - 0x00007fff33f82000 	C:\Windows\System32\KERNEL32.DLL
0x00007fff328f0000 - 0x00007fff32bef000 	C:\Windows\System32\KERNELBASE.dll
0x00007fff32470000 - 0x00007fff32570000 	C:\Windows\System32\ucrtbase.dll
0x00007fff1eb70000 - 0x00007fff1eb89000 	C:\Program Files\Java\jdk-17\bin\jli.dll
0x00007fff33e10000 - 0x00007fff33ebf000 	C:\Windows\System32\ADVAPI32.dll
0x00007fff33d70000 - 0x00007fff33e0e000 	C:\Windows\System32\msvcrt.dll
0x00007fff32fd0000 - 0x00007fff3306f000 	C:\Windows\System32\sechost.dll
0x00007fff33280000 - 0x00007fff333a3000 	C:\Windows\System32\RPCRT4.dll
0x00007fff32440000 - 0x00007fff32467000 	C:\Windows\System32\bcrypt.dll
0x00007fff34a10000 - 0x00007fff34bad000 	C:\Windows\System32\USER32.dll
0x00007fff328c0000 - 0x00007fff328e2000 	C:\Windows\System32\win32u.dll
0x00007fff34830000 - 0x00007fff3485b000 	C:\Windows\System32\GDI32.dll
0x00007fff32620000 - 0x00007fff3273a000 	C:\Windows\System32\gdi32full.dll
0x00007fff32790000 - 0x00007fff3282d000 	C:\Windows\System32\msvcp_win.dll
0x00007fff24b00000 - 0x00007fff24d9a000 	C:\Windows\WinSxS\amd64_microsoft.windows.common-controls_6595b64144ccf1df_6.0.19041.4355_none_60b8b9eb71f62e16\COMCTL32.dll
0x00007fff21bf0000 - 0x00007fff21bfa000 	C:\Windows\SYSTEM32\VERSION.dll
0x00007fff1d780000 - 0x00007fff1d79b000 	C:\Program Files\Java\jdk-17\bin\VCRUNTIME140.dll
0x00007fff32f40000 - 0x00007fff32f6f000 	C:\Windows\System32\IMM32.DLL
0x00007fff2d9c0000 - 0x00007fff2d9cc000 	C:\Program Files\Java\jdk-17\bin\vcruntime140_1.dll
0x00007fff19f80000 - 0x00007fff1a00e000 	C:\Program Files\Java\jdk-17\bin\msvcp140.dll
0x00007ffefc900000 - 0x00007ffefd4e1000 	C:\Program Files\Java\jdk-17\bin\server\jvm.dll
0x00007fff33270000 - 0x00007fff33278000 	C:\Windows\System32\PSAPI.DLL
0x00007fff1e420000 - 0x00007fff1e429000 	C:\Windows\SYSTEM32\WSOCK32.dll
0x00007fff33710000 - 0x00007fff3377b000 	C:\Windows\System32\WS2_32.dll
0x00007fff244d0000 - 0x00007fff244f7000 	C:\Windows\SYSTEM32\WINMM.dll
0x00007fff30250000 - 0x00007fff30262000 	C:\Windows\SYSTEM32\kernel.appcore.dll
0x00007fff28850000 - 0x00007fff2885a000 	C:\Program Files\Java\jdk-17\bin\jimage.dll
0x00007fff252e0000 - 0x00007fff254c4000 	C:\Windows\SYSTEM32\DBGHELP.DLL
0x00007fff252a0000 - 0x00007fff252d4000 	C:\Windows\SYSTEM32\dbgcore.DLL
0x00007fff32830000 - 0x00007fff328b2000 	C:\Windows\System32\bcryptPrimitives.dll
0x00007fff1a630000 - 0x00007fff1a655000 	C:\Program Files\Java\jdk-17\bin\java.dll

dbghelp: loaded successfully - version: 4.0.5 - missing functions: none
symbol engine: initialized successfully - sym options: 0x614 - pdb path: .;C:\Program Files\Java\jdk-17\bin;C:\Windows\SYSTEM32;C:\Windows\WinSxS\amd64_microsoft.windows.common-controls_6595b64144ccf1df_6.0.19041.4355_none_60b8b9eb71f62e16;C:\Program Files\Java\jdk-17\bin\server

VM Arguments:
jvm_args: -ea -XX:+ShowCodeDetailsInExceptionMessages -Dfile.encoding=UTF-8 
java_command: org.eclipse.jdt.internal.junit.runner.RemoteTestRunner -version 3 -port 42420 -testLoaderClass org.eclipse.jdt.internal.junit5.runner.JUnit5TestLoader -loaderpluginname org.eclipse.jdt.junit5.runtime -testNameFile C:\Users\SERGE\AppData\Local\Temp\testNames9823427823116801875.txt
java_class_path (initial): c:\Users\SERGE\Documents\form-api\form-api\target\test-classes;c:\Users\SERGE\Documents\form-api\form-api\target\classes;c:\Users\SERGE\.m2\repository\org\springframework\boot\spring-boot-starter-data-jpa\3.4.5\spring-boot-starter-data-jpa-3.4.5.jar;c:\Users\SERGE\.m2\repository\org\springframework\boot\spring-boot-starter\3.4.5\spring-boot-starter-3.4.5.jar;c:\Users\SERGE\.m2\repository\org\springframework\boot\spring-boot-starter-logging\3.4.5\spring-boot-starter-logging-3.4.5.jar;c:\Users\SERGE\.m2\repository\ch\qos\logback\logback-classic\1.5.18\logback-classic-1.5.18.jar;c:\Users\SERGE\.m2\repository\ch\qos\logback\logback-core\1.5.18\logback-core-1.5.18.jar;c:\Users\SERGE\.m2\repository\org\apache\logging\log4j\log4j-to-slf4j\2.24.3\log4j-to-slf4j-2.24.3.jar;c:\Users\SERGE\.m2\repository\org\apache\logging\log4j\log4j-api\2.24.3\log4j-api-2.24.3.jar;c:\Users\SERGE\.m2\repository\org\slf4j\jul-to-slf4j\2.0.17\jul-to-slf4j-2.0.17.jar;c:\Users\SERGE\.m2\repository\jakarta\annotation\jakarta.annotation-api\2.1.1\jakarta.annotation-api-2.1.1.jar;c:\Users\SERGE\.m2\repository\org\yaml\snakeyaml\2.3\snakeyaml-2.3.jar;c:\Users\SERGE\.m2\repository\org\springframework\boot\spring-boot-starter-jdbc\3.4.5\spring-boot-starter-jdbc-3.4.5.jar;c:\Users\SERGE\.m2\repository\com\zaxxer\HikariCP\5.1.0\HikariCP-5.1.0.jar;c:\Users\SERGE\.m2\repository\org\springframework\spring-jdbc\6.2.6\spring-jdbc-6.2.6.jar;c:\Users\SERGE\.m2\repository\org\hibernate\orm\hibernate-core\6.6.13.Final\hibernate-core-6.6.13.Final.jar;c:\Users\SERGE\.m2\repository\jakarta\persistence\jakarta.persistence-api\3.1.0\jakarta.persistence-api-3.1.0.jar;c:\Users\SERGE\.m2\repository\jakarta\transaction\jakarta.transaction-api\2.0.1\jakarta.transaction-api-2.0.1.jar;c:\Users\SERGE\.m2\repository\org\jboss\logging\jboss-logging\3.6.1.Final\jboss-logging-3.6.1.Final.jar;c:\Users\SERGE\.m2\repository\org\hibernate\common\hibernate-commons-annotations\7.0.3.Final\hibernate-commons-
Launcher Type: SUN_STANDARD

[Global flags]
     intx CICompilerCount                          = 3                                         {product} {ergonomic}
     uint ConcGCThreads                            = 1                                         {product} {ergonomic}
     uint G1ConcRefinementThreads                  = 4                                         {product} {ergonomic}
   size_t G1HeapRegionSize                         = 1048576                                   {product} {ergonomic}
    uintx GCDrainStackTargetSize                   = 64                                        {product} {ergonomic}
   size_t InitialHeapSize                          = 134217728                                 {product} {ergonomic}
   size_t MarkStackSize                            = 4194304                                   {product} {ergonomic}
   size_t MaxHeapSize                              = 2122317824                                {product} {ergonomic}
   size_t MinHeapDeltaBytes                        = 1048576                                   {product} {ergonomic}
   size_t MinHeapSize                              = 8388608                                   {product} {ergonomic}
    uintx NonNMethodCodeHeapSize                   = 5832780                                {pd product} {ergonomic}
    uintx NonProfiledCodeHeapSize                  = 122912730                              {pd product} {ergonomic}
    uintx ProfiledCodeHeapSize                     = 122912730                              {pd product} {ergonomic}
    uintx ReservedCodeCacheSize                    = 251658240                              {pd product} {ergonomic}
     bool SegmentedCodeCache                       = true                                      {product} {ergonomic}
     bool ShowCodeDetailsInExceptionMessages       = true                                   {manageable} {command line}
   size_t SoftMaxHeapSize                          = 2122317824                             {manageable} {ergonomic}
     bool UseCompressedClassPointers               = true                           {product lp64_product} {ergonomic}
     bool UseCompressedOops                        = true                           {product lp64_product} {ergonomic}
     bool UseG1GC                                  = true                                      {product} {ergonomic}
     bool UseLargePagesIndividualAllocation        = false                                  {pd product} {ergonomic}

Logging:
Log output configuration:
 #0: stdout all=warning uptime,level,tags
 #1: stderr all=off uptime,level,tags

Environment Variables:
PATH=C:\Program Files\Java\jdk-17\bin;C:\Program Files\Common Files\Oracle\Java\javapath;C:\Windows\system32;C:\Windows;C:\Windows\System32\Wbem;C:\Windows\System32\WindowsPowerShell\v1.0\;C:\Windows\System32\OpenSSH\;C:\Program Files\IVI Foundation\VISA\Win64\Bin\;C:\Program Files (x86)\IVI Foundation\VISA\WinNT\Bin\;C:\Program Files (x86)\IVI Foundation\VISA\WinNT\Bin;C:\Program Files\MATLAB\R2016a\runtime\win64;C:\Program Files\MATLAB\R2016a\bin;C:\Program Files\MATLAB\R2016a\polyspace\bin;C:\composer;C:\Program Files\Git\cmd;C:\Program Files\PostgreSQL\16\bin;C:\Program Files\PostgreSQL\16\data;C:\Program Files\Microsoft VS Code\bin;C:\Program Files\dotnet\;C:\platform-tools-latest-windows\platform-tools;C:\Program Files\MySQL\MySQL Server X.X\bin;C:\Program Files\Java\jdk-17\bin;C:\Server;C:\Program Files\Docker\Docker\resources\bin;C:\Cassandra\apache-cassandra-4.1.8\bin;C:\ProgramData\chocolatey\bin;C:\Program Files\BlueStacks_nxt;C:\Program Files\apache-maven-3.9.9-bin\apache-maven-3.9.9\bin;C:\Strawberry\c\bin;C:\Strawberry\perl\site\bin;C:\Strawberry\perl\bin;C:\Users\SERGE\AppData\Local\Programs\Python\Python311\Scripts\;C:\Users\SERGE\AppData\Local\Programs\Python\Python311\;C:\Users\SERGE\scoop\shims;C:\Users\SERGE\AppData\Local\Microsoft\WindowsApps;C:\Program Files (x86);C:\Users\SERGE\AppData\Roaming\Composer\vendor\bin;C:\Users\SERGE\.dotnet\tools;C:\Users\SERGE\AppData\Local\Programs\Microsoft VS Code\bin;C:\Users\SERGE\AppData\Local\Programs\MiKTeX\miktex\bin\x64\
USERNAME=SERGE
OS=Windows_NT
PROCESSOR_IDENTIFIER=Intel64 Family 6 Model 60 Stepping 3, GenuineIntel



---------------  S Y S T E M  ---------------

OS:
 Windows 10 , 64 bit Build 19041 (10.0.19041.5438)
OS uptime: 3 days 21:30 hours

CPU: total 4 (initial active 4) (2 cores per cpu, 2 threads per core) family 6 model 60 stepping 3 microcode 0x27, cx8, cmov, fxsr, ht, mmx, sse, sse2, sse3, ssse3, sse4.1, sse4.2, popcnt, lzcnt, tsc, tscinvbit, avx, avx2, aes, erms, clmul, bmi1, bmi2, fma, vzeroupper, clflush

Memory: 4k page, system-wide physical 8089M (776M free)
TotalPageFile size 10137M (AvailPageFile size 80M)
current process WorkingSet (physical memory assigned to process): 10M, peak: 10M
current process commit charge ("private bytes"): 51M, peak: 179M

vm_info: Java HotSpot(TM) 64-Bit Server VM (17.0.9+11-LTS-201) for windows-amd64 JRE (17.0.9+11-LTS-201), built on Oct 10 2023 23:16:06 by "mach5one" with MS VC++ 17.1 (VS2022)

END.
